[debug] [2025-09-29T19:07:47.984Z] ----------------------------------------------------------------------
[debug] [2025-09-29T19:07:47.997Z] Command:       C:\Program Files\nodejs\node.exe C:\Users\brigu\AppData\Roaming\npm\node_modules\firebase-tools\lib\bin\firebase.js init hosting
[debug] [2025-09-29T19:07:47.999Z] CLI Version:   14.17.0
[debug] [2025-09-29T19:07:48.000Z] Platform:      win32
[debug] [2025-09-29T19:07:48.000Z] Node Version:  v24.9.0
[debug] [2025-09-29T19:07:48.001Z] Time:          Mon Sep 29 2025 13:07:48 GMT-0600 (Mountain Daylight Time)
[debug] [2025-09-29T19:07:48.001Z] ----------------------------------------------------------------------
[debug] 
[debug] [2025-09-29T19:07:48.030Z] > command requires scopes: ["email","openid","https://www.googleapis.com/auth/cloudplatformprojects.readonly","https://www.googleapis.com/auth/firebase","https://www.googleapis.com/auth/cloud-platform"]
[debug] [2025-09-29T19:07:48.032Z] > authorizing via signed-in user (briguy030102@gmail.com)
[info] 
     ######## #### ########  ######## ########     ###     ######  ########
     ##        ##  ##     ## ##       ##     ##  ##   ##  ##       ##
     ######    ##  ########  ######   ########  #########  ######  ######
     ##        ##  ##    ##  ##       ##     ## ##     ##       ## ##
     ##       #### ##     ## ######## ########  ##     ##  ######  ########

You're about to initialize a Firebase project in this directory:

  C:\Users\brigu\OneDrive\Documents\Sprint 1

[info] 
=== Project Setup
[info] 
[info] First, let's associate this project directory with a Firebase project.
[info] You can create multiple project aliases by running firebase use --add, 
[info] but for now we'll just set up a default project.
[info] 
[debug] [2025-09-29T19:08:07.649Z] Checked if tokens are valid: true, expires at: 1759176378949
[debug] [2025-09-29T19:08:07.649Z] Checked if tokens are valid: true, expires at: 1759176378949
[debug] [2025-09-29T19:08:07.651Z] >>> [apiv2][query] GET https://firebase.googleapis.com/v1beta1/projects pageSize=100
[debug] [2025-09-29T19:08:08.280Z] <<< [apiv2][status] GET https://firebase.googleapis.com/v1beta1/projects 200
[debug] [2025-09-29T19:08:08.281Z] <<< [apiv2][body] GET https://firebase.googleapis.com/v1beta1/projects [omitted]
[info] i  Using project my-chat-system-ceba7 (my-chat-system) 
[info] 
=== Hosting Setup
[debug] [2025-09-29T19:08:13.118Z] Checked if tokens are valid: true, expires at: 1759176378949
[debug] [2025-09-29T19:08:13.118Z] Checked if tokens are valid: true, expires at: 1759176378949
[debug] [2025-09-29T19:08:13.118Z] >>> [apiv2][query] GET https://firebase.googleapis.com/v1beta1/projects/my-chat-system-ceba7 [none]
[debug] [2025-09-29T19:08:13.486Z] <<< [apiv2][status] GET https://firebase.googleapis.com/v1beta1/projects/my-chat-system-ceba7 200
[debug] [2025-09-29T19:08:13.487Z] <<< [apiv2][body] GET https://firebase.googleapis.com/v1beta1/projects/my-chat-system-ceba7 {"projectId":"my-chat-system-ceba7","projectNumber":"292874385319","displayName":"my-chat-system","name":"projects/my-chat-system-ceba7","resources":{"hostingSite":"my-chat-system-ceba7"},"state":"ACTIVE","etag":"1_0f8aa56d-ad6a-4006-addc-e40aa5066eb6"}
[info] 
[info] Your public directory is the folder (relative to your project directory) that
[info] will contain Hosting assets to be uploaded with firebase deploy. If you
[info] have a build process for your assets, use your build's output directory.
[info] 
[debug] [2025-09-29T19:08:36.005Z] >>> [apiv2][query] GET https://www.gstatic.com/firebasejs/releases.json [none]
[debug] [2025-09-29T19:08:36.136Z] <<< [apiv2][status] GET https://www.gstatic.com/firebasejs/releases.json 200
[debug] [2025-09-29T19:08:36.137Z] <<< [apiv2][body] GET https://www.gstatic.com/firebasejs/releases.json {"current":{"version":"12.3.0","browserURL":"https://www.gstatic.com/firebasejs/12.3.0/firebase.js","packageURL":"https://www.gstatic.com/firebasejs/12.3.0/firebase.tgz"},"live":{"version":"12.3","browserURL":"https://www.gstatic.com/firebasejs/live/12.3/firebase.js","packageURL":"https://www.gstatic.com/firebasejs/live/12.3/firebase.tgz"},"components":{"ai":"https://www.gstatic.com/firebasejs/12.3.0/firebase-ai.js","analytics":"https://www.gstatic.com/firebasejs/12.3.0/firebase-analytics.js","app":"https://www.gstatic.com/firebasejs/12.3.0/firebase-app.js","app-check":"https://www.gstatic.com/firebasejs/12.3.0/firebase-app-check.js","auth":"https://www.gstatic.com/firebasejs/12.3.0/firebase-auth.js","auth/cordova":"https://www.gstatic.com/firebasejs/12.3.0/firebase-auth/cordova.js","auth/web-extension":"https://www.gstatic.com/firebasejs/12.3.0/firebase-auth/web-extension.js","functions":"https://www.gstatic.com/firebasejs/12.3.0/firebase-functions.js","firestore":"https://www.gstatic.com/firebasejs/12.3.0/firebase-firestore.js","firestore/lite":"https://www.gstatic.com/firebasejs/12.3.0/firebase-firestore/lite.js","installations":"https://www.gstatic.com/firebasejs/12.3.0/firebase-installations.js","storage":"https://www.gstatic.com/firebasejs/12.3.0/firebase-storage.js","performance":"https://www.gstatic.com/firebasejs/12.3.0/firebase-performance.js","remote-config":"https://www.gstatic.com/firebasejs/12.3.0/firebase-remote-config.js","messaging":"https://www.gstatic.com/firebasejs/12.3.0/firebase-messaging.js","messaging/sw":"https://www.gstatic.com/firebasejs/12.3.0/firebase-messaging/sw.js","database":"https://www.gstatic.com/firebasejs/12.3.0/firebase-database.js","data-connect":"https://www.gstatic.com/firebasejs/12.3.0/firebase-data-connect.js","firestore.memory":"https://www.gstatic.com/firebasejs/12.3.0/firebase-firestore.memory.js"}}
[info] +  Wrote public/index.html 
[info] 
[info] i  Didn't detect a .git folder. Assuming C:\Users\brigu\OneDrive\Documents\Sprint 1 is the project root. 
[info] i  Authorizing with GitHub to upload your service account to a GitHub repository's secrets store. 
[info] 
[info] Visit this URL on this device to log in:
[info] https://github.com/login/oauth/authorize?client_id=89cf50f02ac6aaed3484&state=220330229&redirect_uri=http%3A%2F%2Flocalhost%3A9005&scope=read%3Auser%20repo%20public_repo
[info] 
[info] Waiting for authentication...
